<?xml version="1.0" encoding="UTF-8"?>
<!-- Generated by org.testng.reporters.JUnitReportReporter -->
<testsuite skipped="0" hostname="thiru-PC" name="com.rbs.onlineshopping.ui.testrunner.OnlineShoppingUIRunner" tests="2" failures="0" timestamp="30 Sep 2018 05:00:57 GMT" time="48.841" errors="0">
  <testcase name="feature" time="4.727" classname="com.rbs.onlineshopping.ui.testrunner.OnlineShoppingUIRunner"/>
  <testcase name="feature" time="44.114" classname="com.rbs.onlineshopping.ui.testrunner.OnlineShoppingUIRunner"/>
</testsuite> <!-- com.rbs.onlineshopping.ui.testrunner.OnlineShoppingUIRunner -->
